this is setproperty in gebconfig
setupSpec 4Ax
hello
HERE
HERE
HERE
HERE
HERE
HERE
STRING IS: UPDATE BROWSER_SHARING SET FULLID='TestCase x123',STATUS='TAKEN'WHERE ID = 0
Records created successfully
 getNewBrowserNumber gave = 0
this is webdriver stuff in gebconfig
user-data-dir=Y:\Browser_profile0
[class:class org.openqa.selenium.chrome.ChromeOptions, binary:null]

[platform:ANY, class:class org.openqa.selenium.remote.DesiredCapabilities, javascriptEnabled:true, version:, browserName:chrome]
Go To localxx1
JUnit 4 Runner, Tests: 1, Failures: 3, Time: 24202
Test Failure: Step 01 Go To local(com.ETMS1.ProcTestCase01xx)
org.openqa.selenium.NoSuchWindowException: no such window: window was already closed
  (Session info: chrome=49.0.2623.110)
  (Driver info: chromedriver=2.20.353145 (343b531d31eeb933ec778dbcf7081628a1396067),platform=Windows NT 10.0 x86_64) (WARNING: The server did not provide any stacktrace information)
Command duration or timeout: 1.02 seconds
Build info: version: 'unknown', revision: 'unknown', time: 'unknown'
System info: host: 'PC-E', ip: '192.168.178.11', os.name: 'Windows 8.1', os.arch: 'amd64', os.version: '6.3', java.version: '1.7.0_79'
*** Element info: {Using=css selector, value=input[id="FFid"]}
Session ID: b06c41f78ac97ea67fdb6ef4abd4db98
Driver info: org.openqa.selenium.chrome.ChromeDriver
Capabilities [{platform=WIN8_1, acceptSslCerts=true, javascriptEnabled=true, browserName=chrome, chrome={userDataDir=Y:\Browser_profile0}, rotatable=false, locationContextEnabled=true, mobileEmulationEnabled=false, version=49.0.2623.110, takesHeapSnapshot=true, cssSelectorsEnabled=true, databaseEnabled=false, handlesAlerts=true, browserConnectionEnabled=false, webStorageEnabled=true, nativeEvents=true, hasTouchScreen=false, applicationCacheEnabled=false, takesScreenshot=true}]
	at org.openqa.selenium.remote.ErrorHandler.createThrowable(ErrorHandler.java:204)
	at org.openqa.selenium.remote.ErrorHandler.throwIfResponseFailed(ErrorHandler.java:156)
	at org.openqa.selenium.remote.RemoteWebDriver.execute(RemoteWebDriver.java:599)
	at org.openqa.selenium.remote.RemoteWebDriver.findElements(RemoteWebDriver.java:377)
	at org.openqa.selenium.remote.RemoteWebDriver.findElementsByCssSelector(RemoteWebDriver.java:445)
	at org.openqa.selenium.By$ByCssSelector.findElements(By.java:436)
	at org.openqa.selenium.remote.RemoteWebDriver.findElements(RemoteWebDriver.java:340)
	at geb.navigator.SearchContextBasedBasicLocator.find(SearchContextBasedBasicLocator.groovy:49)
	at geb.navigator.SearchContextBasedBasicLocator.find(SearchContextBasedBasicLocator.groovy:62)
	at geb.navigator.DefaultLocator.find(DefaultLocator.groovy:22)
	at geb.content.NavigableSupport.$(NavigableSupport.groovy:178)
	at geb.content.PageContentTemplateFactoryDelegate.$(PageContentTemplateFactoryDelegate.groovy:150)
	at com.ETMS1.Random1Page._clinit__closure2$_closure3(Random1Page.groovy:17)
	at com.ETMS1.Random1Page._clinit__closure2$_closure3(Random1Page.groovy)
	at geb.content.PageContentTemplate.invokeFactory(PageContentTemplate.groovy:101)
	at geb.content.PageContentTemplate.create_closure1(PageContentTemplate.groovy:63)
	at geb.content.PageContentTemplate.create_closure1(PageContentTemplate.groovy)
	at geb.content.PageContentTemplate.create(PageContentTemplate.groovy:86)
	at geb.content.PageContentTemplate.get(PageContentTemplate.groovy:58)
	at geb.content.DefaultPageContentSupport.getContent(DefaultPageContentSupport.groovy:42)
	at geb.content.PageContentSupport.propertyMissing(PageContentSupport.groovy:39)
	at geb.Page.propertyMissing(Page.groovy:99)
	at com.ETMS1.Random1Page.ClickTimes(Random1Page.groovy:36)
	at geb.Browser.methodMissing(Browser.groovy:207)
	at geb.spock.GebSpec.methodMissing(GebSpec.groovy:56)
	at com.ETMS1.ProcTestCase01xx.Step 01 Go To local(ProcTestCase01xx.groovy:25)

Test Failure: Step 01 Go To local(com.ETMS1.ProcTestCase01xx)
org.openqa.selenium.NoSuchWindowException: no such window: window was already closed
  (Session info: chrome=49.0.2623.110)
  (Driver info: chromedriver=2.20.353145 (343b531d31eeb933ec778dbcf7081628a1396067),platform=Windows NT 10.0 x86_64) (WARNING: The server did not provide any stacktrace information)
Command duration or timeout: 37 milliseconds
Build info: version: 'unknown', revision: 'unknown', time: 'unknown'
System info: host: 'PC-E', ip: '192.168.178.11', os.name: 'Windows 8.1', os.arch: 'amd64', os.version: '6.3', java.version: '1.7.0_79'
Session ID: b06c41f78ac97ea67fdb6ef4abd4db98
Driver info: org.openqa.selenium.chrome.ChromeDriver
Capabilities [{platform=WIN8_1, acceptSslCerts=true, javascriptEnabled=true, browserName=chrome, chrome={userDataDir=Y:\Browser_profile0}, rotatable=false, locationContextEnabled=true, mobileEmulationEnabled=false, version=49.0.2623.110, takesHeapSnapshot=true, cssSelectorsEnabled=true, databaseEnabled=false, handlesAlerts=true, browserConnectionEnabled=false, webStorageEnabled=true, nativeEvents=true, hasTouchScreen=false, applicationCacheEnabled=false, takesScreenshot=true}]
	at org.openqa.selenium.remote.ErrorHandler.createThrowable(ErrorHandler.java:204)
	at org.openqa.selenium.remote.ErrorHandler.throwIfResponseFailed(ErrorHandler.java:156)
	at org.openqa.selenium.remote.RemoteWebDriver.execute(RemoteWebDriver.java:599)
	at org.openqa.selenium.remote.RemoteWebDriver.execute(RemoteWebDriver.java:622)
	at org.openqa.selenium.remote.RemoteWebDriver.getPageSource(RemoteWebDriver.java:459)
	at geb.report.PageSourceReporter.getPageSource(PageSourceReporter.groovy:42)
	at geb.report.PageSourceReporter.writePageSource(PageSourceReporter.groovy:38)
	at geb.report.PageSourceReporter.writeReport(PageSourceReporter.groovy:29)
	at geb.report.CompositeReporter.writeReport(CompositeReporter.groovy:31)
	at geb.Browser.report(Browser.groovy:932)
	at geb.spock.GebReportingSpec.report(GebReportingSpec.groovy:46)
	at geb.spock.GebReportingSpec.cleanup(GebReportingSpec.groovy:41)

Test Failure: com.ETMS1.ProcTestCase01xx
org.openqa.selenium.NoSuchWindowException: no such window: window was already closed
  (Session info: chrome=49.0.2623.110)
  (Driver info: chromedriver=2.20.353145 (343b531d31eeb933ec778dbcf7081628a1396067),platform=Windows NT 10.0 x86_64) (WARNING: The server did not provide any stacktrace information)
Command duration or timeout: 15 milliseconds
Build info: version: 'unknown', revision: 'unknown', time: 'unknown'
System info: host: 'PC-E', ip: '192.168.178.11', os.name: 'Windows 8.1', os.arch: 'amd64', os.version: '6.3', java.version: '1.7.0_79'
Session ID: b06c41f78ac97ea67fdb6ef4abd4db98
Driver info: org.openqa.selenium.chrome.ChromeDriver
Capabilities [{platform=WIN8_1, acceptSslCerts=true, javascriptEnabled=true, browserName=chrome, chrome={userDataDir=Y:\Browser_profile0}, rotatable=false, locationContextEnabled=true, mobileEmulationEnabled=false, version=49.0.2623.110, takesHeapSnapshot=true, cssSelectorsEnabled=true, databaseEnabled=false, handlesAlerts=true, browserConnectionEnabled=false, webStorageEnabled=true, nativeEvents=true, hasTouchScreen=false, applicationCacheEnabled=false, takesScreenshot=true}]
	at org.openqa.selenium.remote.ErrorHandler.createThrowable(ErrorHandler.java:204)
	at org.openqa.selenium.remote.ErrorHandler.throwIfResponseFailed(ErrorHandler.java:156)
	at org.openqa.selenium.remote.RemoteWebDriver.execute(RemoteWebDriver.java:599)
	at org.openqa.selenium.remote.RemoteWebDriver.get(RemoteWebDriver.java:304)
	at com.ETMS1.ProcTestCase01xx.cleanupSpec(ProcTestCase01xx.groovy:96)

