this is setproperty in gebconfig
setupSpec 4Ax
hello
HERE
HERE
HERE
HERE
HERE
HERE
STRING IS: UPDATE BROWSER_SHARING SET FULLID='TestCase x123',STATUS='TAKEN'WHERE ID = 1
Records created successfully
 getNewBrowserNumber gave = 1
this is webdriver stuff in gebconfig
this is webdriver stuff in gebconfig
this is webdriver stuff in gebconfig
JUnit 4 Runner, Tests: 0, Failures: 2, Time: 69733
Test Failure: com.ETMS1.ProcTestCase01xx
groovy.lang.MissingPropertyException: No such property: browserpath for class: com.ETMS1.GebConfigExtraETS2
	at com.ETMS1.GebConfigExtraETS2.getDriver(GebConfigExtraETS2.groovy:48)
	at com.ETMS1.ProcTestCase01xx.setupSpec(ProcTestCase01xx.groovy:92)

Test Failure: com.ETMS1.ProcTestCase01xx
geb.driver.DriverCreationException: failed to create driver from callback 'script14599074027971914034554$_run_closure2$_closure5@1e015ba3'
	at geb.driver.CallbackDriverFactory.getDriver(CallbackDriverFactory.groovy:35)
	at geb.driver.CachingDriverFactory.getDriver_closure3(CachingDriverFactory.groovy:85)
	at geb.driver.CachingDriverFactory.getDriver_closure3(CachingDriverFactory.groovy)
	at geb.driver.CachingDriverFactory$SimpleCache.get(CachingDriverFactory.groovy:32)
	at geb.driver.CachingDriverFactory.getDriver(CachingDriverFactory.groovy:84)
	at geb.Configuration.createDriver(Configuration.groovy:382)
	at geb.Configuration.getDriver(Configuration.groovy:371)
	at geb.Browser.getDriver(Browser.groovy:109)
	at geb.spock.GebSpec.propertyMissing(GebSpec.groovy:60)
	at com.ETMS1.ProcTestCase01xx.cleanupSpec(ProcTestCase01xx.groovy:96)
Caused by: org.openqa.selenium.WebDriverException: unknown error: Chrome failed to start: crashed
  (Driver info: chromedriver=2.20.353145 (343b531d31eeb933ec778dbcf7081628a1396067),platform=Windows NT 10.0 x86_64) (WARNING: The server did not provide any stacktrace information)
Command duration or timeout: 61.68 seconds
Build info: version: 'unknown', revision: 'unknown', time: 'unknown'
System info: host: 'PC-E', ip: '192.168.178.11', os.name: 'Windows 8.1', os.arch: 'amd64', os.version: '6.3', java.version: '1.7.0_79'
Driver info: org.openqa.selenium.chrome.ChromeDriver
	at org.openqa.selenium.remote.ErrorHandler.createThrowable(ErrorHandler.java:204)
	at org.openqa.selenium.remote.ErrorHandler.throwIfResponseFailed(ErrorHandler.java:156)
	at org.openqa.selenium.remote.RemoteWebDriver.execute(RemoteWebDriver.java:599)
	at org.openqa.selenium.remote.RemoteWebDriver.startSession(RemoteWebDriver.java:240)
	at org.openqa.selenium.remote.RemoteWebDriver.<init>(RemoteWebDriver.java:126)
	at org.openqa.selenium.remote.RemoteWebDriver.<init>(RemoteWebDriver.java:139)
	at org.openqa.selenium.chrome.ChromeDriver.<init>(ChromeDriver.java:171)
	at org.openqa.selenium.chrome.ChromeDriver.<init>(ChromeDriver.java:139)
	at script14599074027971914034554.getDriver(script14599074027971914034554.groovy:109)
	at script14599074027971914034554.run_closure2$_closure5(script14599074027971914034554.groovy:87)
	at script14599074027971914034554.run_closure2$_closure5(script14599074027971914034554.groovy)
	at geb.driver.CallbackDriverFactory.getDriver(CallbackDriverFactory.groovy:29)
	... 9 more

