this is setproperty in gebconfig
this is webdriver stuff in gebconfig
this is webdriver stuff in gebconfig
JUnit 4 Runner, Tests: 0, Failures: 2, Time: 11925
Test Failure: com.ETMS1.ProcTestCase01xx
java.lang.IllegalStateException: Could not clean report dir 'reports\com\ETMS1\ProcTestCase01xx'
	at geb.Browser.cleanReportGroupDir(Browser.groovy:920)
	at geb.spock.GebSpec.methodMissing(GebSpec.groovy:56)
	at geb.spock.GebReportingSpec.setupSpec(GebReportingSpec.groovy:33)

Test Failure: com.ETMS1.ProcTestCase01xx
geb.driver.DriverCreationException: failed to create driver from callback 'script14598877518561914034554$_run_closure2$_closure5@7d7e88e3'
	at geb.driver.CallbackDriverFactory.getDriver(CallbackDriverFactory.groovy:35)
	at geb.driver.CachingDriverFactory.getDriver_closure3(CachingDriverFactory.groovy:85)
	at geb.driver.CachingDriverFactory.getDriver_closure3(CachingDriverFactory.groovy)
	at geb.driver.CachingDriverFactory$SimpleCache.get(CachingDriverFactory.groovy:32)
	at geb.driver.CachingDriverFactory.getDriver(CachingDriverFactory.groovy:84)
	at geb.Configuration.createDriver(Configuration.groovy:382)
	at geb.Configuration.getDriver(Configuration.groovy:371)
	at geb.Browser.getDriver(Browser.groovy:109)
	at geb.spock.GebSpec.propertyMissing(GebSpec.groovy:60)
	at com.ETMS1.ProcTestCase01xx.cleanupSpec(ProcTestCase01xx.groovy:96)
Caused by: org.openqa.selenium.WebDriverException: unknown error: failed to write prefs file
  (Driver info: chromedriver=2.20.353145 (343b531d31eeb933ec778dbcf7081628a1396067),platform=Windows NT 10.0 x86_64) (WARNING: The server did not provide any stacktrace information)
Command duration or timeout: 2.80 seconds
Build info: version: 'unknown', revision: 'unknown', time: 'unknown'
System info: host: 'PC-E', ip: '192.168.178.11', os.name: 'Windows 8.1', os.arch: 'amd64', os.version: '6.3', java.version: '1.7.0_79'
Driver info: org.openqa.selenium.chrome.ChromeDriver
	at org.openqa.selenium.remote.ErrorHandler.createThrowable(ErrorHandler.java:204)
	at org.openqa.selenium.remote.ErrorHandler.throwIfResponseFailed(ErrorHandler.java:156)
	at org.openqa.selenium.remote.RemoteWebDriver.execute(RemoteWebDriver.java:599)
	at org.openqa.selenium.remote.RemoteWebDriver.startSession(RemoteWebDriver.java:240)
	at org.openqa.selenium.remote.RemoteWebDriver.<init>(RemoteWebDriver.java:126)
	at org.openqa.selenium.remote.RemoteWebDriver.<init>(RemoteWebDriver.java:139)
	at org.openqa.selenium.chrome.ChromeDriver.<init>(ChromeDriver.java:171)
	at org.openqa.selenium.chrome.ChromeDriver.<init>(ChromeDriver.java:139)
	at script14598877518561914034554.getDriver(script14598877518561914034554.groovy:109)
	at script14598877518561914034554.run_closure2$_closure5(script14598877518561914034554.groovy:87)
	at script14598877518561914034554.run_closure2$_closure5(script14598877518561914034554.groovy)
	at geb.driver.CallbackDriverFactory.getDriver(CallbackDriverFactory.groovy:29)
	... 9 more

